<?xml version="1.0" encoding="UTF-8"?>
<!-- Generated by org.testng.reporters.JUnitReportReporter -->
<testsuite hostname="FA1SAL" failures="0" tests="1" name="test.LoginTest" time="0.574" errors="0" timestamp="2025-07-27T04:35:27 GMT+06:00" skipped="0">
  <testcase classname="test.LoginTest" name="testLogin" time="0.574"/>
</testsuite> <!-- test.LoginTest -->
